type: veTable1
start main()
Press ENTER to pause/resume recording
Press Ctrl-C to quit
building a plan
plan: left=46.4, right=69.6, inc=4.64
  left vals: 58, 53.36, 48.72
  right vals: 58, 62.64, 67.28
state: plan_needed -> record
next left val: 58
state: record -> change_delay
state (change_delay) time left, count left: 20, 40
=====state (change_delay) time left, count left: 19, 35
====================================state: change_delay -> record
=state (record) time left, count left: 30, 99
=====state (record) time left, count left: 29, 94
=================================================state (record) time left, count left: 28, 45
==============================================next left val: 53.36
state: record -> change_delay
state (change_delay) time left, count left: 20, 40
======state (change_delay) time left, count left: 19, 34
============++=====================state: change_delay -> record
=state (record) time left, count left: 30, 99
==state (record) time left, count left: 29, 97
==++====+=====+==========++=======++======+++++===state (record) time left, count left: 28, 47
==+++++==++++++++++++++++=+++==+++++++++++++++++next left val: 48.72
state: record -> change_delay
state (change_delay) time left, count left: 20, 40
=+===+state (change_delay) time left, count left: 19, 34
+++++++++++++++++++++++++++++++++++state: change_delay -> record
+state (record) time left, count left: 29, 99
++++++++++++++++++++++++++++++++++++++++++++++++++state (record) time left, count left: 28, 49
++++++++++++++++++++++----+++----++++------------state (record) time left, count left: 27, 0
-next right val: 58
state: record -> change_delay
state (change_delay) time left, count left: 20, 40
------state (change_delay) time left, count left: 19, 34
---------------------------------state (change_delay) time left, count left: 18, 1
--state: change_delay -> record
-state (record) time left, count left: 30, 99
---============================================state (record) time left, count left: 29, 52
=================================================state (record) time left, count left: 28, 3
====next right val: 62.64
state: record -> change_delay
state (change_delay) time left, count left: 20, 40
======state (change_delay) time left, count left: 19, 34
==============================state (change_delay) time left, count left: 18, 4
=====state: change_delay -> record
=state (record) time left, count left: 30, 99
============================================state (record) time left, count left: 29, 55
=================================================state (record) time left, count left: 28, 6
=======next right val: 67.28
state: record -> change_delay
state (change_delay) time left, count left: 20, 40
======state (change_delay) time left, count left: 19, 34
===========================state (change_delay) time left, count left: 18, 7
========state: change_delay -> record
=state (record) time left, count left: 30, 99
========================================state (record) time left, count left: 29, 59
==================================================state (record) time left, count left: 28, 9
==	PAUSED: ENTER resume, 'r' reverse, 'a' abort
-----state (record) time left, count left: 27, 2
---restoring original table
Do you want to restart? [Y/n] type: veTable1
start main()
Press ENTER to pause/resume recording
Press Ctrl-C to quit
building a plan
plan: left=46.4, right=69.6, inc=4.64
  left vals: 58, 53.36, 48.72
  right vals: 58, 62.64, 67.28
state: plan_needed -> record
=next left val: 58
state: record -> change_delay
state (change_delay) time left, count left: 20, 40
=====state (change_delay) time left, count left: 19, 35
====================================state: change_delay -> record
=state (record) time left, count left: 30, 99
====state (record) time left, count left: 29, 95
==================================================state (record) time left, count left: 28, 45
==============================================next left val: 53.36
state: record -> change_delay
state (change_delay) time left, count left: 20, 40
=====state (change_delay) time left, count left: 19, 35
=state (change_delay) time left, count left: 18, 34
===================================state: change_delay -> record
=state (record) time left, count left: 30, 99
===state (record) time left, count left: 29, 96
==================================================state (record) time left, count left: 28, 46
===============================================next left val: 48.72
state: record -> change_delay
state (change_delay) time left, count left: 20, 40
======state (change_delay) time left, count left: 19, 34
===--=================---=--=======state: change_delay -> record
-state (record) time left, count left: 29, 99
--------======---------======---=----=====-------state (record) time left, count left: 28, 50
--------------------------------------------------state (record) time left, count left: 27, 0
-next right val: 58
state: record -> change_delay
state (change_delay) time left, count left: 20, 40
------state (change_delay) time left, count left: 19, 34
---------------------------------state (change_delay) time left, count left: 18, 1
--state: change_delay -> record
-state (record) time left, count left: 30, 99
-----------------------------------------------state (record) time left, count left: 29, 52
-------------------------------------------=----=state (record) time left, count left: 28, 3
----next right val: 62.64
state: record -> change_delay
state (change_delay) time left, count left: 20, 40
----=-state (change_delay) time left, count left: 19, 34
==============================state (change_delay) time left, count left: 18, 4
=====state: change_delay -> record
=state (record) time left, count left: 30, 99
============================================state (record) time left, count left: 29, 55
==================================================state (record) time left, count left: 28, 5
======next right val: 67.28
state: record -> change_delay
state (change_delay) time left, count left: 20, 40
======state (change_delay) time left, count left: 19, 34
============================state (change_delay) time left, count left: 18, 6
=======state: change_delay -> record
=state (record) time left, count left: 30, 99
=========================================state (record) time left, count left: 29, 58
=================================================state (record) time left, count left: 28, 9
==========restoring original table
Do you want to restart? [Y/n] type: veTable1
start main()
Press ENTER to pause/resume recording
Press Ctrl-C to quit
building a plan
plan: left=46.4, right=69.6, inc=4.64
  left vals: 58, 53.36, 48.72
  right vals: 58, 62.64, 67.28
state: plan_needed -> record
next left val: 58
state: record -> change_delay
state (change_delay) time left, count left: 20, 40
=====================state (change_delay) time left, count left: 19, 19
====================state: change_delay -> record
=state (record) time left, count left: 30, 99
=============================state (record) time left, count left: 29, 70
=================================================state (record) time left, count left: 28, 21
======================next left val: 53.36
state: record -> change_delay
state (change_delay) time left, count left: 20, 40
======state (change_delay) time left, count left: 19, 34
===========state (change_delay) time left, count left: 18, 23
========================state: change_delay -> record
=state (record) time left, count left: 30, 99
=========================state (record) time left, count left: 29, 74
==================================================state (record) time left, count left: 28, 24
=========================next left val: 48.72
state: record -> change_delay
state (change_delay) time left, count left: 20, 40
======state (change_delay) time left, count left: 19, 34
=========state (change_delay) time left, count left: 18, 25
==========================state: change_delay -> record
=state (record) time left, count left: 30, 99
======================state (record) time left, count left: 29, 77
=================---------------------------------state (record) time left, count left: 28, 27
----------------------------next right val: 58
state: record -> change_delay
state (change_delay) time left, count left: 20, 40
------state (change_delay) time left, count left: 19, 34
------state (change_delay) time left, count left: 18, 28
-----------------------------state: change_delay -> record
-state (record) time left, count left: 30, 99
---------------====state (record) time left, count left: 29, 80
==================================================state (record) time left, count left: 28, 30
===============================next right val: 62.64
state: record -> change_delay
state (change_delay) time left, count left: 20, 40
======state (change_delay) time left, count left: 19, 34
===state (change_delay) time left, count left: 18, 31
================================state: change_delay -> record
=state (record) time left, count left: 30, 99
=================state (record) time left, count left: 29, 82
==================================================state (record) time left, count left: 28, 32
=================================next right val: 67.28
state: record -> change_delay
state (change_delay) time left, count left: 20, 40
======state (change_delay) time left, count left: 19, 34
state (change_delay) time left, count left: 18, 34
===================================state: change_delay -> record
=state (record) time left, count left: 30, 99
=============state (record) time left, count left: 29, 86
==================================================state (record) time left, count left: 28, 36
=====================================restoring original table
Do you want to restart? [Y/n] type: veTable1
start main()
Press ENTER to pause/resume recording
Press Ctrl-C to quit
building a plan
plan: left=52.96, right=79.44, inc=5.296
  left vals: 66.2, 60.904, 55.608
  right vals: 66.2, 71.496, 76.792
state: plan_needed -> record
next left val: 66.2
state: record -> change_delay
state (change_delay) time left, count left: 20, 40
=======state (change_delay) time left, count left: 19, 33
state (change_delay) time left, count left: 18, 33
==================================state: change_delay -> record
=state (record) time left, count left: 30, 99
==============state (record) time left, count left: 29, 85
=================================================state (record) time left, count left: 28, 36
=====================================next left val: 60.904
state: record -> change_delay
state (change_delay) time left, count left: 20, 40
========state (change_delay) time left, count left: 19, 32
state (change_delay) time left, count left: 18, 32
===============state (change_delay) time left, count left: 17, 17
==================state: change_delay -> record
=state (record) time left, count left: 30, 99
==============================state (record) time left, count left: 29, 69
==================================================state (record) time left, count left: 28, 19
====================next left val: 55.608
state: record -> change_delay
state (change_delay) time left, count left: 20, 40
=======state (change_delay) time left, count left: 19, 33
state (change_delay) time left, count left: 18, 33
================================state (change_delay) time left, count left: 17, 1
==state: change_delay -> record
=state (record) time left, count left: 30, 99
===============================================state (record) time left, count left: 29, 52
==================================================state (record) time left, count left: 28, 2
===next right val: 66.2
state: record -> change_delay
state (change_delay) time left, count left: 20, 40
========state (change_delay) time left, count left: 19, 32
state (change_delay) time left, count left: 18, 32
=================================state: change_delay -> record
=state (record) time left, count left: 30, 99
===============state (record) time left, count left: 29, 84
==================================================state (record) time left, count left: 28, 34
===================================next right val: 71.496
state: record -> change_delay
state (change_delay) time left, count left: 20, 40
=======state (change_delay) time left, count left: 19, 33
state (change_delay) time left, count left: 18, 33
++++=+++++++++++++state (change_delay) time left, count left: 17, 15
++++++++++++++++state: change_delay -> record
+state (record) time left, count left: 30, 99
+++++++++++++++++++++++++++++++++state (record) time left, count left: 29, 66
+++++++++++++++++++++++++++++++++++++++++++++++++state (record) time left, count left: 28, 17
++++++++++++++++++next right val: 76.792
state: record -> change_delay
state (change_delay) time left, count left: 20, 40
+++++++state (change_delay) time left, count left: 19, 33
state (change_delay) time left, count left: 18, 33
==================================state: change_delay -> record
=state (record) time left, count left: 30, 99
=================================================state (record) time left, count left: 29, 50
===================================================restoring original table
Do you want to restart? [Y/n] type: veTable1
start main()
Press ENTER to pause/resume recording
Press Ctrl-C to quit
building a plan
plan: left=48.96, right=73.44, inc=4.896
  left vals: 61.2, 56.304, 51.408
  right vals: 61.2, 66.096, 70.992
state: plan_needed -> record
next left val: 61.2
state: record -> change_delay
state (change_delay) time left, count left: 20, 40
========state (change_delay) time left, count left: 19, 32
state (change_delay) time left, count left: 18, 32
---==-----=------==--============state: change_delay -> record
=state (record) time left, count left: 30, 99
--=---=state (record) time left, count left: 29, 92
--==-----===-==---=------=-----------------------state (record) time left, count left: 28, 43
--=--------------=---=----------------------next left val: 56.304
state: record -> change_delay
state (change_delay) time left, count left: 20, 40
--------state (change_delay) time left, count left: 19, 32
-------state (change_delay) time left, count left: 18, 25
---------------------------state: change_delay -> record
-state (record) time left, count left: 30, 99
-----------------+----state (record) time left, count left: 29, 77
+-------+++++++++++++++++++++++++++++++++++++++++state (record) time left, count left: 28, 28
+++++++++++++++++++++++++++++next left val: 51.408
state: record -> change_delay
state (change_delay) time left, count left: 20, 40
++======state (change_delay) time left, count left: 19, 32
state (change_delay) time left, count left: 18, 32
=======================state (change_delay) time left, count left: 17, 9
==========state: change_delay -> record
=state (record) time left, count left: 30, 99
========================---------------state (record) time left, count left: 29, 60
-------------------------------------------------state (record) time left, count left: 28, 11
------------next right val: 61.2
state: record -> change_delay
state (change_delay) time left, count left: 20, 40
--------state (change_delay) time left, count left: 19, 32
state (change_delay) time left, count left: 18, 32
=================================state: change_delay -> record
=state (record) time left, count left: 30, 99
=====state (record) time left, count left: 29, 94
=================================================state (record) time left, count left: 28, 45
==============================================next right val: 66.096
state: record -> change_delay
state (change_delay) time left, count left: 20, 40
========state (change_delay) time left, count left: 19, 32
======state (change_delay) time left, count left: 18, 26
===========================state: change_delay -> record
=state (record) time left, count left: 30, 99
=====================state (record) time left, count left: 29, 78
=================================================state (record) time left, count left: 28, 29
==============================next right val: 70.992
state: record -> change_delay
state (change_delay) time left, count left: 20, 40
=======state (change_delay) time left, count left: 19, 33
state (change_delay) time left, count left: 18, 33
======================state (change_delay) time left, count left: 17, 11
============state: change_delay -> record
=state (record) time left, count left: 30, 99
=====================================state (record) time left, count left: 29, 62
=================================================state (record) time left, count left: 28, 13
==============restoring original table
Do you want to restart? [Y/n] type: veTable1
start main()
Press ENTER to pause/resume recording
Press Ctrl-C to quit
building a plan
plan: left=52.88, right=79.32, inc=5.288
  left vals: 66.1, 60.812, 55.524
  right vals: 66.1, 71.388, 76.676
state: plan_needed -> record
next left val: 66.1
state: record -> change_delay
state (change_delay) time left, count left: 20, 40
=======state (change_delay) time left, count left: 19, 33
=state (change_delay) time left, count left: 18, 32
========state (change_delay) time left, count left: 17, 24
=========================state: change_delay -> record
=state (record) time left, count left: 30, 99
=========================state (record) time left, count left: 29, 74
==================================================state (record) time left, count left: 28, 24
=========================next left val: 60.812
state: record -> change_delay
state (change_delay) time left, count left: 20, 40
========state (change_delay) time left, count left: 19, 32
state (change_delay) time left, count left: 18, 32
===========================state (change_delay) time left, count left: 17, 5
======state: change_delay -> record
=state (record) time left, count left: 30, 99
==========================================state (record) time left, count left: 29, 57
=================================================state (record) time left, count left: 28, 8
=========next left val: 55.524
state: record -> change_delay
state (change_delay) time left, count left: 20, 40
========state (change_delay) time left, count left: 19, 32
state (change_delay) time left, count left: 18, 32
=================================state: change_delay -> record
=state (record) time left, count left: 30, 99
=========state (record) time left, count left: 29, 90
==================================================state (record) time left, count left: 28, 40
=========================================next right val: 66.1
state: record -> change_delay
state (change_delay) time left, count left: 20, 40
=======state (change_delay) time left, count left: 19, 33
state (change_delay) time left, count left: 18, 33
============state (change_delay) time left, count left: 17, 21
======================state: change_delay -> record
=state (record) time left, count left: 30, 99
===========================state (record) time left, count left: 29, 72
==================================================state (record) time left, count left: 28, 22
=======================next right val: 71.388
state: record -> change_delay
state (change_delay) time left, count left: 20, 40
========state (change_delay) time left, count left: 19, 32
state (change_delay) time left, count left: 18, 32
=============================state (change_delay) time left, count left: 17, 3
====state: change_delay -> record
=state (record) time left, count left: 30, 99
=============================================state (record) time left, count left: 29, 54
=================================================state (record) time left, count left: 28, 5
======next right val: 76.676
state: record -> change_delay
state (change_delay) time left, count left: 20, 40
========state (change_delay) time left, count left: 19, 32
state (change_delay) time left, count left: 18, 32
=================================state: change_delay -> record
=state (record) time left, count left: 30, 99
============state (record) time left, count left: 29, 87
==================================================state (record) time left, count left: 28, 37
======================================restoring original table
Do you want to restart? [Y/n] type: veTable1
start main()
Press ENTER to pause/resume recording
Press Ctrl-C to quit
building a plan
plan: left=54.64, right=81.96, inc=5.464
  left vals: 68.3, 62.836, 57.372
  right vals: 68.3, 73.764, 79.228
state: plan_needed -> record
next left val: 68.3
state: record -> change_delay
state (change_delay) time left, count left: 20, 40
========state (change_delay) time left, count left: 19, 32
state (change_delay) time left, count left: 18, 32
============================state (change_delay) time left, count left: 17, 4
=====state: change_delay -> record
=state (record) time left, count left: 30, 99
===========================================state (record) time left, count left: 29, 56
=================================================state (record) time left, count left: 28, 7
========next left val: 62.836
state: record -> change_delay
state (change_delay) time left, count left: 20, 40
========state (change_delay) time left, count left: 19, 32
state (change_delay) time left, count left: 18, 32
=================================state: change_delay -> record
=state (record) time left, count left: 30, 99
=========state (record) time left, count left: 29, 90
=================================================state (record) time left, count left: 28, 41
==========================================next left val: 57.372
state: record -> change_delay
state (change_delay) time left, count left: 20, 40
=======state (change_delay) time left, count left: 19, 33
=state (change_delay) time left, count left: 18, 32
=========state (change_delay) time left, count left: 17, 23
========================state: change_delay -> record
=state (record) time left, count left: 30, 99
======+========+=+++++++state (record) time left, count left: 29, 75
+++++++++++++++++++++++++++++++++++++++++++++++++state (record) time left, count left: 28, 26
+++++++++++++++++++++++++++next right val: 68.3
state: record -> change_delay
state (change_delay) time left, count left: 20, 40
++++++++state (change_delay) time left, count left: 19, 32
state (change_delay) time left, count left: 18, 32
========================state (change_delay) time left, count left: 17, 8
=========state: change_delay -> record
=state (record) time left, count left: 30, 99
=======================================state (record) time left, count left: 29, 60
=================================================state (record) time left, count left: 28, 11
============next right val: 73.764
state: record -> change_delay
state (change_delay) time left, count left: 20, 40
========state (change_delay) time left, count left: 19, 32
state (change_delay) time left, count left: 18, 32
=================================state: change_delay -> record
=state (record) time left, count left: 30, 99
=====state (record) time left, count left: 29, 94
=================================================state (record) time left, count left: 28, 45
==============================================next right val: 79.228
state: record -> change_delay
state (change_delay) time left, count left: 20, 40
========state (change_delay) time left, count left: 19, 32
=====state (change_delay) time left, count left: 18, 27
============================state: change_delay -> record
=state (record) time left, count left: 30, 99
=====================state (record) time left, count left: 29, 78
=================================================state (record) time left, count left: 28, 29
==============================restoring original table
Do you want to restart? [Y/n] type: veTable1
start main()
Press ENTER to pause/resume recording
Press Ctrl-C to quit
building a plan
plan: left=53.44, right=80.16, inc=5.344
  left vals: 66.8, 61.456, 56.112
  right vals: 66.8, 72.144, 77.488
state: plan_needed -> record
next left val: 66.8
state: record -> change_delay
state (change_delay) time left, count left: 20, 40
=======state (change_delay) time left, count left: 19, 33
state (change_delay) time left, count left: 18, 33
========================state (change_delay) time left, count left: 17, 9
==========state: change_delay -> record
=state (record) time left, count left: 30, 99
=======================================state (record) time left, count left: 29, 60
==================================================state (record) time left, count left: 28, 10
===========next left val: 61.456
state: record -> change_delay
state (change_delay) time left, count left: 20, 40
========state (change_delay) time left, count left: 19, 32
state (change_delay) time left, count left: 18, 32
============================-----state: change_delay -> record
-state (record) time left, count left: 30, 99
--------state (record) time left, count left: 29, 91
--------------------------------------------------state (record) time left, count left: 28, 41
-------===================================next left val: 56.112
state: record -> change_delay
state (change_delay) time left, count left: 20, 40
=======state (change_delay) time left, count left: 19, 33
state (change_delay) time left, count left: 18, 33
===========state (change_delay) time left, count left: 17, 22
=======================state: change_delay -> record
=state (record) time left, count left: 30, 99
===========================state (record) time left, count left: 29, 72
==================================================state (record) time left, count left: 28, 22
=======================next right val: 66.8
state: record -> change_delay
state (change_delay) time left, count left: 20, 40
========state (change_delay) time left, count left: 19, 32
state (change_delay) time left, count left: 18, 32
=============================state (change_delay) time left, count left: 17, 3
====state: change_delay -> record
=state (record) time left, count left: 30, 99
=============================================state (record) time left, count left: 29, 54
==================================================state (record) time left, count left: 28, 4
=====next right val: 72.144
state: record -> change_delay
state (change_delay) time left, count left: 20, 40
========state (change_delay) time left, count left: 19, 32
state (change_delay) time left, count left: 18, 32
=================================state: change_delay -> record
=state (record) time left, count left: 30, 99
=============state (record) time left, count left: 29, 86
===================================================state (record) time left, count left: 28, 35
====================================next right val: 77.488
state: record -> change_delay
state (change_delay) time left, count left: 20, 40
========state (change_delay) time left, count left: 19, 32
state (change_delay) time left, count left: 18, 32
===============state (change_delay) time left, count left: 17, 17
==================state: change_delay -> record
=state (record) time left, count left: 30, 99
================================state (record) time left, count left: 29, 67
==================================================state (record) time left, count left: 28, 17
==================restoring original table
Do you want to restart? [Y/n] type: veTable1
start main()
Press ENTER to pause/resume recording
Press Ctrl-C to quit
building a plan
plan: left=51.52, right=77.28, inc=5.152
  left vals: 64.4, 59.248, 54.096
  right vals: 64.4, 69.552, 74.704
state: plan_needed -> record
next left val: 64.4
state: record -> change_delay
state (change_delay) time left, count left: 20, 40
========state (change_delay) time left, count left: 19, 32
state (change_delay) time left, count left: 18, 32
==========================state (change_delay) time left, count left: 17, 6
=======state: change_delay -> record
=state (record) time left, count left: 30, 99
==========================================state (record) time left, count left: 29, 57
==================================================state (record) time left, count left: 28, 7
========next left val: 59.248
state: record -> change_delay
state (change_delay) time left, count left: 20, 40
========state (change_delay) time left, count left: 19, 32
state (change_delay) time left, count left: 18, 32
=================================state: change_delay -> record
=state (record) time left, count left: 30, 99
=========state (record) time left, count left: 29, 90
==================================================state (record) time left, count left: 28, 40
=========================================next left val: 54.096
state: record -> change_delay
state (change_delay) time left, count left: 20, 40
========state (change_delay) time left, count left: 19, 32
state (change_delay) time left, count left: 18, 32
============state (change_delay) time left, count left: 17, 20
=====================state: change_delay -> record
=state (record) time left, count left: 30, 99
===========================state (record) time left, count left: 29, 72
=================================================state (record) time left, count left: 28, 23
========================next right val: 64.4
state: record -> change_delay
state (change_delay) time left, count left: 20, 40
========state (change_delay) time left, count left: 19, 32
state (change_delay) time left, count left: 18, 32
============================state (change_delay) time left, count left: 17, 4
=====state: change_delay -> record
=state (record) time left, count left: 30, 99
============================================state (record) time left, count left: 29, 55
==================================================state (record) time left, count left: 28, 5
======next right val: 69.552
state: record -> change_delay
state (change_delay) time left, count left: 20, 40
=======state (change_delay) time left, count left: 19, 33
state (change_delay) time left, count left: 18, 33
==================================state: change_delay -> record
=state (record) time left, count left: 30, 99
============state (record) time left, count left: 29, 87
==================================================state (record) time left, count left: 28, 37
======================================next right val: 74.704
state: record -> change_delay
state (change_delay) time left, count left: 20, 40
========state (change_delay) time left, count left: 19, 32
state (change_delay) time left, count left: 18, 32
==============state (change_delay) time left, count left: 17, 18
===================state: change_delay -> record
=state (record) time left, count left: 30, 99
==============================state (record) time left, count left: 29, 69
==================================================state (record) time left, count left: 28, 19
====================restoring original table
Do you want to restart? [Y/n] type: veTable1
start main()
Press ENTER to pause/resume recording
Press Ctrl-C to quit
building a plan
plan: left=53.84, right=80.76, inc=5.384
  left vals: 67.3, 61.916, 56.532
  right vals: 67.3, 72.684, 78.068
state: plan_needed -> record
next left val: 67.3
state: record -> change_delay
state (change_delay) time left, count left: 20, 40
=======state (change_delay) time left, count left: 19, 33
state (change_delay) time left, count left: 18, 33
==================state (change_delay) time left, count left: 17, 15
================state: change_delay -> record
=state (record) time left, count left: 30, 99
=================================state (record) time left, count left: 29, 66
=====================================--=----=====state (record) time left, count left: 28, 17
==================next left val: 61.916
state: record -> change_delay
state (change_delay) time left, count left: 20, 40
========state (change_delay) time left, count left: 19, 32
state (change_delay) time left, count left: 18, 32
=================================state: change_delay -> record
=state (record) time left, count left: 29, 99
=================================================state (record) time left, count left: 28, 50
==================================================state (record) time left, count left: 27, 0
=next left val: 56.532
state: record -> change_delay
state (change_delay) time left, count left: 20, 40
========state (change_delay) time left, count left: 19, 32
=state (change_delay) time left, count left: 18, 31
================================state: change_delay -> record
=state (record) time left, count left: 30, 99
=================state (record) time left, count left: 29, 82
=================================================state (record) time left, count left: 28, 33
==================================next right val: 67.3
state: record -> change_delay
state (change_delay) time left, count left: 20, 40
=======state (change_delay) time left, count left: 19, 33
state (change_delay) time left, count left: 18, 33
===================state (change_delay) time left, count left: 17, 14
===============state: change_delay -> record
=state (record) time left, count left: 30, 99
=================================state (record) time left, count left: 29, 66
==================================================state (record) time left, count left: 28, 16
=================next right val: 72.684
state: record -> change_delay
state (change_delay) time left, count left: 20, 40
========state (change_delay) time left, count left: 19, 32
state (change_delay) time left, count left: 18, 32
=================================state: change_delay -> record
=state (record) time left, count left: 29, 99
=================================================state (record) time left, count left: 28, 50
==================================================state (record) time left, count left: 27, 0
=next right val: 78.068
state: record -> change_delay
state (change_delay) time left, count left: 20, 40
=========state (change_delay) time left, count left: 19, 31
state (change_delay) time left, count left: 18, 31
================================state: change_delay -> record
=state (record) time left, count left: 30, 99
=================state (record) time left, count left: 29, 82
==================-------------=------------------state (record) time left, count left: 28, 32
-------------------==============restoring original table
Do you want to restart? [Y/n] type: veTable1
start main()
Press ENTER to pause/resume recording
Press Ctrl-C to quit
building a plan
plan: left=51.36, right=77.04, inc=5.136
  left vals: 64.2, 59.064, 53.928
  right vals: 64.2, 69.336, 74.472
state: plan_needed -> record
next left val: 64.2
state: record -> change_delay
state (change_delay) time left, count left: 20, 40
========state (change_delay) time left, count left: 19, 32
state (change_delay) time left, count left: 18, 32
=================================state: change_delay -> record
=state (record) time left, count left: 30, 99
================================================state (record) time left, count left: 29, 51
=================================================state (record) time left, count left: 28, 2
===next left val: 59.064
state: record -> change_delay
state (change_delay) time left, count left: 20, 40
========state (change_delay) time left, count left: 19, 32
state (change_delay) time left, count left: 18, 32
=================================state: change_delay -> record
=state (record) time left, count left: 30, 99
===============state (record) time left, count left: 29, 84
=================================================state (record) time left, count left: 28, 35
====================================next left val: 53.928
state: record -> change_delay
state (change_delay) time left, count left: 20, 40
========state (change_delay) time left, count left: 19, 32
state (change_delay) time left, count left: 18, 32
================state (change_delay) time left, count left: 17, 16
=================state: change_delay -> record
=state (record) time left, count left: 30, 99
===============================state (record) time left, count left: 29, 68
==================================================state (record) time left, count left: 28, 18
===================next right val: 64.2
state: record -> change_delay
state (change_delay) time left, count left: 20, 40
========state (change_delay) time left, count left: 19, 32
state (change_delay) time left, count left: 18, 32
================================state (change_delay) time left, count left: 17, 0
=state: change_delay -> record
=state (record) time left, count left: 30, 99
================================================state (record) time left, count left: 29, 51
===============-----------------------------------state (record) time left, count left: 28, 1
--next right val: 69.336
state: record -> change_delay
state (change_delay) time left, count left: 20, 40
--------state (change_delay) time left, count left: 19, 32
-state (change_delay) time left, count left: 18, 31
--------------------------------state: change_delay -> record
-state (record) time left, count left: 30, 99
----------------state (record) time left, count left: 29, 83
--------------------------------------------======state (record) time left, count left: 28, 33
==================================next right val: 74.472
state: record -> change_delay
state (change_delay) time left, count left: 20, 40
========state (change_delay) time left, count left: 19, 32
state (change_delay) time left, count left: 18, 32
==================state (change_delay) time left, count left: 17, 14
===============state: change_delay -> record
=state (record) time left, count left: 30, 99
===================================state (record) time left, count left: 29, 64
==================================================state (record) time left, count left: 28, 14
==========-----restoring original table
Do you want to restart? [Y/n] type: veTable1
start main()
Press ENTER to pause/resume recording
Press Ctrl-C to quit
building a plan
plan: left=52.64, right=78.96, inc=5.264
  left vals: 65.8, 60.536, 55.272
  right vals: 65.8, 71.064, 76.328
state: plan_needed -> record
next left val: 65.8
state: record -> change_delay
state (change_delay) time left, count left: 20, 40
========state (change_delay) time left, count left: 19, 32
=state (change_delay) time left, count left: 18, 31
================================state: change_delay -> record
=state (record) time left, count left: 30, 99
==================state (record) time left, count left: 29, 81
==================================================state (record) time left, count left: 28, 31
================================next left val: 60.536
state: record -> change_delay
state (change_delay) time left, count left: 20, 40
========state (change_delay) time left, count left: 19, 32
state (change_delay) time left, count left: 18, 32
===================state (change_delay) time left, count left: 17, 13
===============state: change_delay -> record
=state (record) time left, count left: 30, 99
==================================state (record) time left, count left: 29, 65
==================================================state (record) time left, count left: 28, 15
================next left val: 55.272
state: record -> change_delay
state (change_delay) time left, count left: 20, 40
========state (change_delay) time left, count left: 19, 32
state (change_delay) time left, count left: 18, 32
=================================state: change_delay -> record
=state (record) time left, count left: 30, 99
===state (record) time left, count left: 29, 96
=================================================state (record) time left, count left: 28, 47
================================================next right val: 65.8
state: record -> change_delay
state (change_delay) time left, count left: 20, 40
========state (change_delay) time left, count left: 19, 32
===state (change_delay) time left, count left: 18, 29
==============================state: change_delay -> record
=state (record) time left, count left: 30, 99
====================state (record) time left, count left: 29, 79
==================================================state (record) time left, count left: 28, 29
==============================next right val: 71.064
state: record -> change_delay
state (change_delay) time left, count left: 20, 40
========state (change_delay) time left, count left: 19, 32
state (change_delay) time left, count left: 18, 32
======================state (change_delay) time left, count left: 17, 10
===========state: change_delay -> record
=state (record) time left, count left: 30, 99
======================================state (record) time left, count left: 29, 61
===================================================state (record) time left, count left: 28, 10
===========next right val: 76.328
state: record -> change_delay
state (change_delay) time left, count left: 20, 40
========state (change_delay) time left, count left: 19, 32
state (change_delay) time left, count left: 18, 32
=================================state: change_delay -> record
=state (record) time left, count left: 30, 99
=======state (record) time left, count left: 29, 92
===================================================state (record) time left, count left: 28, 41
==========================================restoring original table
Do you want to restart? [Y/n] type: veTable1
start main()
Press ENTER to pause/resume recording
Press Ctrl-C to quit
building a plan
plan: left=51.92, right=77.88, inc=5.192
  left vals: 64.9, 59.708, 54.516
  right vals: 64.9, 70.092, 75.284
state: plan_needed -> record
next left val: 64.9
state: record -> change_delay
state (change_delay) time left, count left: 20, 40
========state (change_delay) time left, count left: 19, 32
state (change_delay) time left, count left: 18, 32
=========================state (change_delay) time left, count left: 17, 7
========state: change_delay -> record
=state (record) time left, count left: 30, 99
========================================state (record) time left, count left: 29, 59
==================================================state (record) time left, count left: 28, 9
==========next left val: 59.708
state: record -> change_delay
state (change_delay) time left, count left: 20, 40
=======state (change_delay) time left, count left: 19, 33
state (change_delay) time left, count left: 18, 33
===================================state: change_delay -> record
=state (record) time left, count left: 30, 99
======state (record) time left, count left: 29, 93
==================================================state (record) time left, count left: 28, 43
============================================next left val: 54.516
state: record -> change_delay
state (change_delay) time left, count left: 20, 40
======state (change_delay) time left, count left: 19, 34
=state (change_delay) time left, count left: 18, 33
=========state (change_delay) time left, count left: 17, 24
==========================state: change_delay -> record
=state (record) time left, count left: 30, 99
=======================state (record) time left, count left: 29, 76
==================================================state (record) time left, count left: 28, 26
===========================next right val: 64.9
state: record -> change_delay
state (change_delay) time left, count left: 20, 40
========state (change_delay) time left, count left: 19, 32
state (change_delay) time left, count left: 18, 32
=========================state (change_delay) time left, count left: 17, 7
========state: change_delay -> record
=state (record) time left, count left: 30, 99
=========================================state (record) time left, count left: 29, 58
==================================================state (record) time left, count left: 28, 8
=========next right val: 70.092
state: record -> change_delay
state (change_delay) time left, count left: 20, 40
========state (change_delay) time left, count left: 19, 32
state (change_delay) time left, count left: 18, 32
=================================state: change_delay -> record
=state (record) time left, count left: 30, 99
=========state (record) time left, count left: 29, 90
==================================================state (record) time left, count left: 28, 40
=========================================next right val: 75.284
state: record -> change_delay
state (change_delay) time left, count left: 20, 40
========state (change_delay) time left, count left: 19, 32
state (change_delay) time left, count left: 18, 32
===========state (change_delay) time left, count left: 17, 21
======================state: change_delay -> record
=state (record) time left, count left: 30, 99
==========================state (record) time left, count left: 29, 73
==================================================state (record) time left, count left: 28, 23
========================restoring original table
Do you want to restart? [Y/n] type: veTable1
start main()
Press ENTER to pause/resume recording
Press Ctrl-C to quit
building a plan
plan: left=51.28, right=76.92, inc=5.128
  left vals: 64.1, 58.972, 53.844
  right vals: 64.1, 69.228, 74.356
state: plan_needed -> record
next left val: 64.1
state: record -> change_delay
state (change_delay) time left, count left: 20, 40
========state (change_delay) time left, count left: 19, 32
state (change_delay) time left, count left: 18, 32
=================================state: change_delay -> record
=state (record) time left, count left: 30, 99
==state (record) time left, count left: 29, 97
==================================================state (record) time left, count left: 28, 47
================================================next left val: 58.972
state: record -> change_delay
state (change_delay) time left, count left: 20, 40
=======state (change_delay) time left, count left: 19, 33
=====state (change_delay) time left, count left: 18, 28
=============================state: change_delay -> record
=state (record) time left, count left: 30, 99
====================state (record) time left, count left: 29, 79
=================================================state (record) time left, count left: 28, 30
=-==================---------==next left val: 53.844
state: record -> change_delay
state (change_delay) time left, count left: 20, 40
========state (change_delay) time left, count left: 19, 32
state (change_delay) time left, count left: 18, 32
======================state (change_delay) time left, count left: 17, 10
===========state: change_delay -> record
=state (record) time left, count left: 30, 99
=======================================state (record) time left, count left: 29, 60
==================================================state (record) time left, count left: 28, 10
===========next right val: 64.1
state: record -> change_delay
state (change_delay) time left, count left: 20, 40
======--state (change_delay) time left, count left: 19, 32
state (change_delay) time left, count left: 18, 32
---------------------------------state: change_delay -> record
-state (record) time left, count left: 30, 99
------state (record) time left, count left: 29, 93
--------------------------------------------------state (record) time left, count left: 28, 43
--------------------------------------------next right val: 69.228
state: record -> change_delay
state (change_delay) time left, count left: 20, 40
--------state (change_delay) time left, count left: 19, 32
=======state (change_delay) time left, count left: 18, 25
==========================state: change_delay -> record
=state (record) time left, count left: 30, 99
=======================state (record) time left, count left: 29, 76
===================================================state (record) time left, count left: 28, 25
==========================next right val: 74.356
state: record -> change_delay
state (change_delay) time left, count left: 20, 40
========state (change_delay) time left, count left: 19, 32
state (change_delay) time left, count left: 18, 32
==========================state (change_delay) time left, count left: 17, 6
=======state: change_delay -> record
=state (record) time left, count left: 30, 99
===============++=================+=======state (record) time left, count left: 29, 57
==========++=+++==+==+++==+++=+=+++=+++=+++=++=++state (record) time left, count left: 28, 8
=====++++restoring original table
Do you want to restart? [Y/n] type: veTable1
start main()
Press ENTER to pause/resume recording
Press Ctrl-C to quit
building a plan
plan: left=46.96, right=70.44, inc=4.696
  left vals: 58.7, 54.004, 49.308
  right vals: 58.7, 63.396, 68.092
state: plan_needed -> record
next left val: 58.7
state: record -> change_delay
state (change_delay) time left, count left: 20, 40
=======state (change_delay) time left, count left: 19, 33
state (change_delay) time left, count left: 18, 33
===================state (change_delay) time left, count left: 17, 14
===============state: change_delay -> record
=state (record) time left, count left: 30, 99
==================================state (record) time left, count left: 29, 65
==================================================state (record) time left, count left: 28, 15
================next left val: 54.004
state: record -> change_delay
state (change_delay) time left, count left: 20, 40
========state (change_delay) time left, count left: 19, 32
state (change_delay) time left, count left: 18, 32
=state (change_delay) time left, count left: 17, 31
==state (change_delay) time left, count left: 16, 29
==state (change_delay) time left, count left: 15, 27
==state (change_delay) time left, count left: 14, 25
==state (change_delay) time left, count left: 13, 23
	PAUSED: ENTER resume, 'r' reverse, 'a' abort
